<?xml version="1.0" encoding="UTF-8"?>
<!-- Generated by org.testng.reporters.JUnitReportReporter -->
<testsuite hostname="ET3ETSLP6148" failures="0" tests="1" name="com.voting.testCases.TC_004" time="34.167" errors="0" timestamp="2022-11-22T09:55:51 IST" skipped="0">
  <testcase classname="com.voting.testCases.TC_004" name="test" time="34.167"/>
  <system-out/>
</testsuite> <!-- com.voting.testCases.TC_004 -->
