<?xml version="1.0" encoding="UTF-8"?>
<!-- Generated by org.testng.reporters.JUnitReportReporter -->
<testsuite hostname="ET3ETSLP6148" failures="0" tests="1" name="com.voting.testCases.TC_036" time="37.818" errors="0" timestamp="2022-11-21T17:06:54 IST" skipped="0">
  <testcase classname="com.voting.testCases.TC_036" name="test" time="37.818"/>
  <system-out/>
</testsuite> <!-- com.voting.testCases.TC_036 -->
