<?xml version="1.0" encoding="UTF-8"?>
<!-- Generated by org.testng.reporters.JUnitReportReporter -->
<testsuite hostname="ET3ETSLP6148" failures="0" tests="1" name="com.voting.testCases.TC_050" time="36.832" errors="0" timestamp="2022-11-21T17:22:29 IST" skipped="0">
  <testcase classname="com.voting.testCases.TC_050" name="test" time="36.832"/>
  <system-out/>
</testsuite> <!-- com.voting.testCases.TC_050 -->
