<?xml version="1.0" encoding="UTF-8"?>
<!-- Generated by org.testng.reporters.JUnitReportReporter -->
<testsuite hostname="ET3ETSLP6148" failures="0" tests="1" name="com.voting.testCases.TC_032" time="35.926" errors="0" timestamp="2022-11-21T16:56:41 IST" skipped="0">
  <testcase classname="com.voting.testCases.TC_032" name="test" time="35.926"/>
  <system-out/>
</testsuite> <!-- com.voting.testCases.TC_032 -->
