<?xml version="1.0" encoding="UTF-8"?>
<!-- Generated by org.testng.reporters.JUnitReportReporter -->
<testsuite hostname="ET3ETSLP6148" failures="0" tests="1" name="com.voting.testCases.TC_013" time="42.465" errors="0" timestamp="2022-11-22T18:09:01 IST" skipped="0">
  <testcase classname="com.voting.testCases.TC_013" name="test" time="42.465"/>
  <system-out/>
</testsuite> <!-- com.voting.testCases.TC_013 -->
