<?xml version="1.0" encoding="UTF-8"?>
<!-- Generated by org.testng.reporters.JUnitReportReporter -->
<testsuite hostname="ET3ETSLP6148" failures="0" tests="1" name="com.voting.testCases.TC_006" time="37.840" errors="0" timestamp="2022-11-22T16:44:41 IST" skipped="0">
  <testcase classname="com.voting.testCases.TC_006" name="test" time="37.840"/>
  <system-out/>
</testsuite> <!-- com.voting.testCases.TC_006 -->
