<?xml version="1.0" encoding="UTF-8"?>
<!-- Generated by org.testng.reporters.JUnitReportReporter -->
<testsuite hostname="ET3ETSLP6148" failures="0" tests="1" name="com.voting.testCases.TC_021" time="46.007" errors="0" timestamp="2022-11-22T18:13:39 IST" skipped="0">
  <testcase classname="com.voting.testCases.TC_021" name="test" time="46.007"/>
  <system-out/>
</testsuite> <!-- com.voting.testCases.TC_021 -->
