<?xml version="1.0" encoding="UTF-8"?>
<!-- Generated by org.testng.reporters.JUnitReportReporter -->
<testsuite hostname="ET3ETSLP6148" failures="0" tests="1" name="com.voting.testCases.TC_025" time="33.521" errors="0" timestamp="2022-11-21T15:30:34 IST" skipped="0">
  <testcase classname="com.voting.testCases.TC_025" name="test" time="33.521"/>
  <system-out/>
</testsuite> <!-- com.voting.testCases.TC_025 -->
