<?xml version="1.0" encoding="UTF-8"?>
<!-- Generated by org.testng.reporters.JUnitReportReporter -->
<testsuite hostname="ET3ETSLP6148" failures="0" tests="1" name="com.voting.testCases.TC_002" time="35.006" errors="0" timestamp="2022-11-22T16:29:25 IST" skipped="0">
  <testcase classname="com.voting.testCases.TC_002" name="test" time="35.006"/>
  <system-out/>
</testsuite> <!-- com.voting.testCases.TC_002 -->
